[0320/193754:ERROR:file_io_win.cc(163)] CreateFile C:\Program Files (x86)\settings.dat: Access is denied. (0x5)
[0320/193754:ERROR:registration_protocol_win.cc(82)] TransactNamedPipe: The pipe has been ended. (0x6D)
[0320/193754:ERROR:file_io_win.cc(163)] CreateFile C:\Program Files (x86)\settings.dat: Access is denied. (0x5)
[0320/194121:ERROR:file_io_win.cc(163)] CreateFile C:\Program Files (x86)\settings.dat: Access is denied. (0x5)
[0320/194121:ERROR:registration_protocol_win.cc(82)] TransactNamedPipe: The pipe has been ended. (0x6D)
[0320/194121:ERROR:file_io_win.cc(163)] CreateFile C:\Program Files (x86)\settings.dat: Access is denied. (0x5)
[0320/195231:ERROR:file_io_win.cc(163)] CreateFile C:\Program Files (x86)\settings.dat: Access is denied. (0x5)
[0320/195231:ERROR:registration_protocol_win.cc(82)] TransactNamedPipe: The pipe has been ended. (0x6D)
[0320/195231:ERROR:file_io_win.cc(163)] CreateFile C:\Program Files (x86)\settings.dat: Access is denied. (0x5)
[0320/200004:ERROR:file_io_win.cc(163)] CreateFile C:\Program Files (x86)\settings.dat: Access is denied. (0x5)
[0320/200004:ERROR:registration_protocol_win.cc(82)] TransactNamedPipe: The pipe has been ended. (0x6D)
[0320/200004:ERROR:file_io_win.cc(163)] CreateFile C:\Program Files (x86)\settings.dat: Access is denied. (0x5)
[0320/200315:ERROR:file_io_win.cc(163)] CreateFile C:\Program Files (x86)\settings.dat: Access is denied. (0x5)
[0320/200315:ERROR:registration_protocol_win.cc(82)] TransactNamedPipe: The pipe has been ended. (0x6D)
[0320/200315:ERROR:file_io_win.cc(163)] CreateFile C:\Program Files (x86)\settings.dat: Access is denied. (0x5)
[0320/200437:ERROR:file_io_win.cc(163)] CreateFile C:\Program Files (x86)\settings.dat: Access is denied. (0x5)
[0320/200437:ERROR:registration_protocol_win.cc(82)] TransactNamedPipe: The pipe has been ended. (0x6D)
[0320/200437:ERROR:file_io_win.cc(163)] CreateFile C:\Program Files (x86)\settings.dat: Access is denied. (0x5)
[0321/091728:ERROR:file_io_win.cc(163)] CreateFile C:\Program Files (x86)\settings.dat: Access is denied. (0x5)
[0321/091728:ERROR:registration_protocol_win.cc(82)] TransactNamedPipe: The pipe has been ended. (0x6D)
[0321/091728:ERROR:file_io_win.cc(163)] CreateFile C:\Program Files (x86)\settings.dat: Access is denied. (0x5)
[0321/091900:ERROR:file_io_win.cc(163)] CreateFile C:\Program Files (x86)\settings.dat: Access is denied. (0x5)
[0321/091901:ERROR:registration_protocol_win.cc(82)] TransactNamedPipe: The pipe has been ended. (0x6D)
[0321/091901:ERROR:file_io_win.cc(163)] CreateFile C:\Program Files (x86)\settings.dat: Access is denied. (0x5)
[0321/102155:ERROR:file_io_win.cc(163)] CreateFile C:\Program Files (x86)\settings.dat: Access is denied. (0x5)
[0321/102155:ERROR:registration_protocol_win.cc(82)] TransactNamedPipe: The pipe has been ended. (0x6D)
[0321/102155:ERROR:file_io_win.cc(163)] CreateFile C:\Program Files (x86)\settings.dat: Access is denied. (0x5)
[0321/103753:ERROR:file_io_win.cc(163)] CreateFile C:\Program Files (x86)\settings.dat: Access is denied. (0x5)
[0321/103753:ERROR:registration_protocol_win.cc(82)] TransactNamedPipe: The pipe has been ended. (0x6D)
[0321/103753:ERROR:file_io_win.cc(163)] CreateFile C:\Program Files (x86)\settings.dat: Access is denied. (0x5)
[0321/104756:ERROR:file_io_win.cc(163)] CreateFile C:\Program Files (x86)\settings.dat: Access is denied. (0x5)
[0321/104756:ERROR:registration_protocol_win.cc(82)] TransactNamedPipe: The pipe has been ended. (0x6D)
[0321/104756:ERROR:file_io_win.cc(163)] CreateFile C:\Program Files (x86)\settings.dat: Access is denied. (0x5)
[0321/104756:ERROR:file_io_win.cc(163)] CreateFile C:\Program Files (x86)\settings.dat: Access is denied. (0x5)
[0321/104756:ERROR:registration_protocol_win.cc(82)] TransactNamedPipe: The pipe has been ended. (0x6D)
[0321/104756:ERROR:file_io_win.cc(163)] CreateFile C:\Program Files (x86)\settings.dat: Access is denied. (0x5)
[0323/121448:ERROR:file_io_win.cc(163)] CreateFile C:\Program Files (x86)\settings.dat: Access is denied. (0x5)
[0323/121448:ERROR:registration_protocol_win.cc(82)] TransactNamedPipe: The pipe has been ended. (0x6D)
[0323/121448:ERROR:file_io_win.cc(163)] CreateFile C:\Program Files (x86)\settings.dat: Access is denied. (0x5)
[0411/200357.828:ERROR:crash_report_database_win.cc(563)] CreateDirectory C:\Program Files (x86)\temp\reports: Access is denied. (0x5)
[0411/200358.171:ERROR:registration_protocol_win.cc(83)] TransactNamedPipe: The pipe has been ended. (0x6D)
[0411/200358.496:ERROR:crashpad_win.cc(223)] Crashpad handler failed to start, crash reporting disabled
